#
# There is insufficient memory for the Java Runtime Environment to continue.
# Native memory allocation (malloc) failed to allocate 262160 bytes for Chunk::new
# Possible reasons:
#   The system is out of physical RAM or swap space
#   In 32 bit mode, the process size limit was hit
# Possible solutions:
#   Reduce memory load on the system
#   Increase physical memory or swap space
#   Check if swap backing store is full
#   Use 64 bit Java on a 64 bit OS
#   Decrease Java heap size (-Xmx/-Xms)
#   Decrease number of Java threads
#   Decrease Java thread stack sizes (-Xss)
#   Set larger code cache with -XX:ReservedCodeCacheSize=
# This output file may be truncated or incomplete.
#
#  Out of Memory Error (allocation.cpp:390), pid=12212, tid=19816
#
# JRE version: Java(TM) SE Runtime Environment (8.0_66-b18) (build 1.8.0_66-b18)
# Java VM: Java HotSpot(TM) 64-Bit Server VM (25.66-b18 mixed mode windows-amd64 compressed oops)
# Failed to write core dump. Minidumps are not enabled by default on client versions of Windows
#

---------------  T H R E A D  ---------------

Current thread (0x000000001be82800):  JavaThread "C2 CompilerThread0" daemon [_thread_in_native, id=19816, stack(0x000000001d4c0000,0x000000001d5c0000)]

Stack: [0x000000001d4c0000,0x000000001d5c0000]
[error occurred during error reporting (printing stack bounds), id 0xc0000005]

Native frames: (J=compiled Java code, j=interpreted, Vv=VM code, C=native code)


Current CompileTask:
C2:   3342 1779   !   4       java.net.URLClassLoader$1::run (63 bytes)


---------------  P R O C E S S  ---------------

Java Threads: ( => current thread )
  0x000000001bede800 JavaThread "Service Thread" daemon [_thread_blocked, id=12448, stack(0x000000001dbc0000,0x000000001dcc0000)]
  0x000000001beaf800 JavaThread "C1 CompilerThread2" daemon [_thread_blocked, id=2764, stack(0x000000001d6c0000,0x000000001d7c0000)]
  0x000000001be88800 JavaThread "C2 CompilerThread1" daemon [_thread_in_native, id=16240, stack(0x000000001d5c0000,0x000000001d6c0000)]
=>0x000000001be82800 JavaThread "C2 CompilerThread0" daemon [_thread_in_native, id=19816, stack(0x000000001d4c0000,0x000000001d5c0000)]
  0x000000001be7e800 JavaThread "Attach Listener" daemon [_thread_blocked, id=20384, stack(0x000000001d3c0000,0x000000001d4c0000)]
  0x000000001be7d000 JavaThread "Signal Dispatcher" daemon [_thread_blocked, id=20116, stack(0x000000001d2c0000,0x000000001d3c0000)]
  0x00000000028b9000 JavaThread "Finalizer" daemon [_thread_blocked, id=19868, stack(0x000000001d0d0000,0x000000001d1d0000)]
  0x00000000028b0000 JavaThread "Reference Handler" daemon [_thread_blocked, id=18688, stack(0x000000001cfd0000,0x000000001d0d0000)]
  0x00000000027c2800 JavaThread "main" [_thread_in_Java, id=7724, stack(0x0000000002620000,0x0000000002720000)]

Other Threads:
  0x000000001be49000 VMThread [stack: 0x000000001ced0000,0x000000001cfd0000] [id=20360]
  0x000000001d806000 WatcherThread [stack: 0x000000001dcc0000,0x000000001ddc0000] [id=20096]

VM state:not at safepoint (normal execution)

VM Mutex/Monitor currently owned by a thread: None

Heap:
 PSYoungGen      total 76288K, used 40955K [0x000000076b500000, 0x0000000774a00000, 0x00000007c0000000)
  eden space 65536K, 46% used [0x000000076b500000,0x000000076d2beed0,0x000000076f500000)
  from space 10752K, 97% used [0x000000076f500000,0x000000076ff3fe58,0x000000076ff80000)
  to   space 10752K, 0% used [0x0000000773f80000,0x0000000773f80000,0x0000000774a00000)
 ParOldGen       total 175104K, used 8K [0x00000006c1e00000, 0x00000006cc900000, 0x000000076b500000)
  object space 175104K, 0% used [0x00000006c1e00000,0x00000006c1e02000,0x00000006cc900000)
 Metaspace       used 14797K, capacity 15042K, committed 15232K, reserved 1062912K
  class space    used 1813K, capacity 1907K, committed 1920K, reserved 1048576K

Card table byte_map: [0x0000000011c80000,0x0000000012480000] byte_map_base: 0x000000000e671000

Marking Bits: (ParMarkBitMap*) 0x000000007124a5b0
 Begin Bits: [0x0000000012dd0000, 0x0000000016d58000)
 End Bits:   [0x0000000016d58000, 0x000000001ace0000)

Polling page: 0x0000000002720000

CodeCache: size=245760Kb used=6557Kb max_used=6557Kb free=239202Kb
 bounds [0x00000000028c0000, 0x0000000002f30000, 0x00000000118c0000]
 total_blobs=2282 nmethods=1942 adapters=251
 compilation: disabled (not enough contiguous free space left)

Compilation events (10 events):
Event: 3.315 Thread 0x000000001beaf800 1950       2       org.eclipse.sisu.inject.MildKeys$Weak::equals (40 bytes)
Event: 3.315 Thread 0x000000001beaf800 nmethod 1950 0x0000000002f26d50 code [0x0000000002f26ec0, 0x0000000002f27128]
Event: 3.315 Thread 0x000000001beaf800 1951       2       java.lang.ref.ReferenceQueue::<init> (27 bytes)
Event: 3.316 Thread 0x000000001beaf800 nmethod 1951 0x0000000002f27210 code [0x0000000002f27360, 0x0000000002f27550]
Event: 3.316 Thread 0x000000001beaf800 1952       1       org.apache.maven.model.Parent::getArtifactId (5 bytes)
Event: 3.316 Thread 0x000000001beaf800 nmethod 1952 0x0000000002f27610 code [0x0000000002f27760, 0x0000000002f27870]
Event: 3.316 Thread 0x000000001beaf800 1953       2       java.io.ExpiringCache::entryFor (57 bytes)
Event: 3.316 Thread 0x000000001beaf800 nmethod 1953 0x0000000002f278d0 code [0x0000000002f27a40, 0x0000000002f27cb8]
Event: 3.321 Thread 0x000000001beaf800 1954       2       org.codehaus.plexus.util.xml.pull.MXParser::joinPC (69 bytes)
Event: 3.322 Thread 0x000000001beaf800 nmethod 1954 0x0000000002f27dd0 code [0x0000000002f27f40, 0x0000000002f281d8]

GC Heap History (2 events):
Event: 2.420 GC heap before
{Heap before GC invocations=1 (full 0):
 PSYoungGen      total 76288K, used 65536K [0x000000076b500000, 0x0000000770a00000, 0x00000007c0000000)
  eden space 65536K, 100% used [0x000000076b500000,0x000000076f500000,0x000000076f500000)
  from space 10752K, 0% used [0x000000076ff80000,0x000000076ff80000,0x0000000770a00000)
  to   space 10752K, 0% used [0x000000076f500000,0x000000076f500000,0x000000076ff80000)
 ParOldGen       total 175104K, used 0K [0x00000006c1e00000, 0x00000006cc900000, 0x000000076b500000)
  object space 175104K, 0% used [0x00000006c1e00000,0x00000006c1e00000,0x00000006cc900000)
 Metaspace       used 11992K, capacity 12174K, committed 12416K, reserved 1060864K
  class space    used 1530K, capacity 1605K, committed 1664K, reserved 1048576K
Event: 2.448 GC heap after
Heap after GC invocations=1 (full 0):
 PSYoungGen      total 76288K, used 10495K [0x000000076b500000, 0x0000000774a00000, 0x00000007c0000000)
  eden space 65536K, 0% used [0x000000076b500000,0x000000076b500000,0x000000076f500000)
  from space 10752K, 97% used [0x000000076f500000,0x000000076ff3fe58,0x000000076ff80000)
  to   space 10752K, 0% used [0x0000000773f80000,0x0000000773f80000,0x0000000774a00000)
 ParOldGen       total 175104K, used 8K [0x00000006c1e00000, 0x00000006cc900000, 0x000000076b500000)
  object space 175104K, 0% used [0x00000006c1e00000,0x00000006c1e02000,0x00000006cc900000)
 Metaspace       used 11992K, capacity 12174K, committed 12416K, reserved 1060864K
  class space    used 1530K, capacity 1605K, committed 1664K, reserved 1048576K
}

Deoptimization events (10 events):
Event: 2.847 Thread 0x00000000027c2800 Uncommon trap: reason=unstable_if action=reinterpret pc=0x0000000002a673d0 method=java.lang.String.replace(CC)Ljava/lang/String; @ 2
Event: 2.927 Thread 0x00000000027c2800 Uncommon trap: reason=unstable_if action=reinterpret pc=0x0000000002dd268c method=org.codehaus.plexus.util.xml.pull.MXParser.nextImpl()I @ 879
Event: 2.933 Thread 0x00000000027c2800 Uncommon trap: reason=unstable_if action=reinterpret pc=0x0000000002db5808 method=sun.nio.cs.UTF_8$Decoder.decode([BII[C)I @ 30
Event: 2.933 Thread 0x00000000027c2800 Uncommon trap: reason=unstable_if action=reinterpret pc=0x0000000002b2c6cc method=sun.nio.cs.UTF_8$Decoder.decodeArrayLoop(Ljava/nio/ByteBuffer;Ljava/nio/CharBuffer;)Ljava/nio/charset/CoderResult; @ 84
Event: 2.981 Thread 0x00000000027c2800 Uncommon trap: reason=unstable_if action=reinterpret pc=0x0000000002b58228 method=java.util.HashMap.hash(Ljava/lang/Object;)I @ 1
Event: 2.981 Thread 0x00000000027c2800 Uncommon trap: reason=unstable_if action=reinterpret pc=0x0000000002b99b28 method=java.util.HashMap.hash(Ljava/lang/Object;)I @ 1
Event: 3.049 Thread 0x00000000027c2800 Uncommon trap: reason=unstable_if action=reinterpret pc=0x0000000002e6f7fc method=org.codehaus.plexus.util.xml.pull.MXParser.nextImpl()I @ 310
Event: 3.118 Thread 0x00000000027c2800 Uncommon trap: reason=unstable_if action=reinterpret pc=0x0000000002ea2740 method=org.codehaus.plexus.util.xml.pull.MXParser.nextImpl()I @ 280
Event: 3.243 Thread 0x00000000027c2800 Uncommon trap: reason=predicate action=maybe_recompile pc=0x0000000002e347bc method=java.nio.charset.CharsetDecoder.decode(Ljava/nio/ByteBuffer;Ljava/nio/CharBuffer;Z)Ljava/nio/charset/CoderResult; @ 54
Event: 3.243 Thread 0x00000000027c2800 Uncommon trap: reason=predicate action=maybe_recompile pc=0x0000000002b3d3d8 method=java.nio.charset.CharsetDecoder.decode(Ljava/nio/ByteBuffer;Ljava/nio/CharBuffer;Z)Ljava/nio/charset/CoderResult; @ 54

Internal exceptions (10 events):
Event: 2.484 Thread 0x00000000027c2800 Exception <a 'java/lang/NoClassDefFoundError'> (0x000000076b63d8f0) thrown at [C:\re\workspace\8-2-build-windows-amd64-cygwin\jdk8u66\5298\hotspot\src\share\vm\prims\jvm.cpp, line 1390]
Event: 2.485 Thread 0x00000000027c2800 Exception <a 'java/lang/NoClassDefFoundError': javax/annotation/Priority> (0x000000076b642858) thrown at [C:\re\workspace\8-2-build-windows-amd64-cygwin\jdk8u66\5298\hotspot\src\share\vm\classfile\systemDictionary.cpp, line 199]
Event: 2.782 Thread 0x00000000027c2800 Exception <a 'java/lang/NullPointerException'> (0x000000076bcc6e90) thrown at [C:\re\workspace\8-2-build-windows-amd64-cygwin\jdk8u66\5298\hotspot\src\share\vm\interpreter\linkResolver.cpp, line 1178]
Event: 2.782 Thread 0x00000000027c2800 Exception <a 'java/lang/NullPointerException'> (0x000000076bcc70a8) thrown at [C:\re\workspace\8-2-build-windows-amd64-cygwin\jdk8u66\5298\hotspot\src\share\vm\interpreter\linkResolver.cpp, line 1178]
Event: 2.782 Thread 0x00000000027c2800 Exception <a 'java/lang/NullPointerException'> (0x000000076bcc72c0) thrown at [C:\re\workspace\8-2-build-windows-amd64-cygwin\jdk8u66\5298\hotspot\src\share\vm\interpreter\linkResolver.cpp, line 1178]
Event: 2.783 Thread 0x00000000027c2800 Exception <a 'java/lang/NullPointerException'> (0x000000076bcd6f68) thrown at [C:\re\workspace\8-2-build-windows-amd64-cygwin\jdk8u66\5298\hotspot\src\share\vm\interpreter\linkResolver.cpp, line 1178]
Event: 2.783 Thread 0x00000000027c2800 Exception <a 'java/lang/NullPointerException'> (0x000000076bcd7180) thrown at [C:\re\workspace\8-2-build-windows-amd64-cygwin\jdk8u66\5298\hotspot\src\share\vm\interpreter\linkResolver.cpp, line 1178]
Event: 2.783 Thread 0x00000000027c2800 Exception <a 'java/lang/NullPointerException'> (0x000000076bcd7398) thrown at [C:\re\workspace\8-2-build-windows-amd64-cygwin\jdk8u66\5298\hotspot\src\share\vm\interpreter\linkResolver.cpp, line 1178]
Event: 2.981 Thread 0x00000000027c2800 Implicit null exception at 0x0000000002b58015 to 0x0000000002b58219
Event: 2.981 Thread 0x00000000027c2800 Implicit null exception at 0x0000000002b99aaf to 0x0000000002b99b19

Events (10 events):
Event: 3.305 Thread 0x00000000027c2800 DEOPT PACKING pc=0x0000000002e083b2 sp=0x000000000271ce00
Event: 3.305 Thread 0x00000000027c2800 DEOPT UNPACKING pc=0x000000000290787f sp=0x000000000271cc80 mode 0
Event: 3.305 Thread 0x00000000027c2800 DEOPT PACKING pc=0x0000000002ea8ec1 sp=0x000000000271d190
Event: 3.305 Thread 0x00000000027c2800 DEOPT UNPACKING pc=0x000000000290787f sp=0x000000000271cf58 mode 0
Event: 3.306 Thread 0x00000000027c2800 DEOPT PACKING pc=0x0000000002ea8ec1 sp=0x000000000271d150
Event: 3.306 Thread 0x00000000027c2800 DEOPT UNPACKING pc=0x000000000290787f sp=0x000000000271cf18 mode 0
Event: 3.313 Thread 0x00000000027c2800 DEOPT PACKING pc=0x0000000002ea8ec1 sp=0x000000000271d150
Event: 3.313 Thread 0x00000000027c2800 DEOPT UNPACKING pc=0x000000000290787f sp=0x000000000271cf18 mode 0
Event: 3.319 Thread 0x00000000027c2800 DEOPT PACKING pc=0x0000000002e083b2 sp=0x000000000271cca0
Event: 3.319 Thread 0x00000000027c2800 DEOPT UNPACKING pc=0x000000000290787f sp=0x000000000271cb20 mode 0


Dynamic libraries:
0x00007ff6f9ff0000 - 0x00007ff6fa027000 	C:\Program Files\Java\jdk1.8.0_66\bin\java.exe
0x00007ffa097c0000 - 0x00007ffa099a1000 	C:\WINDOWS\SYSTEM32\ntdll.dll
0x00007ffa09400000 - 0x00007ffa094b2000 	C:\WINDOWS\System32\KERNEL32.DLL
0x00007ffa06050000 - 0x00007ffa062c3000 	C:\WINDOWS\System32\KERNELBASE.dll
0x0000000073590000 - 0x0000000073625000 	C:\WINDOWS\System32\SYSFER.DLL
0x00007ffa094f0000 - 0x00007ffa09591000 	C:\WINDOWS\System32\ADVAPI32.dll
0x00007ffa09120000 - 0x00007ffa091be000 	C:\WINDOWS\System32\msvcrt.dll
0x00007ffa095a0000 - 0x00007ffa095fb000 	C:\WINDOWS\System32\sechost.dll
0x00007ffa08f40000 - 0x00007ffa09064000 	C:\WINDOWS\System32\RPCRT4.dll
0x00007ffa09600000 - 0x00007ffa09790000 	C:\WINDOWS\System32\USER32.dll
0x00007ffa062d0000 - 0x00007ffa062f0000 	C:\WINDOWS\System32\win32u.dll
0x00007ffa09220000 - 0x00007ffa09248000 	C:\WINDOWS\System32\GDI32.dll
0x00007ffa05c90000 - 0x00007ffa05e22000 	C:\WINDOWS\System32\gdi32full.dll
0x00007ffa05fb0000 - 0x00007ffa0604f000 	C:\WINDOWS\System32\msvcp_win.dll
0x00007ffa05b90000 - 0x00007ffa05c8a000 	C:\WINDOWS\System32\ucrtbase.dll
0x00007ff9f5180000 - 0x00007ff9f53e9000 	C:\WINDOWS\WinSxS\amd64_microsoft.windows.common-controls_6595b64144ccf1df_6.0.17134.407_none_fb449d63306391e9\COMCTL32.dll
0x00007ffa06e10000 - 0x00007ffa07132000 	C:\WINDOWS\System32\combase.dll
0x00007ffa05e80000 - 0x00007ffa05efa000 	C:\WINDOWS\System32\bcryptPrimitives.dll
0x00007ffa094c0000 - 0x00007ffa094ed000 	C:\WINDOWS\System32\IMM32.DLL
0x00000000712d0000 - 0x00000000713a2000 	C:\Program Files\Java\jdk1.8.0_66\jre\bin\msvcr100.dll
0x0000000070a40000 - 0x00000000712c9000 	C:\Program Files\Java\jdk1.8.0_66\jre\bin\server\jvm.dll
0x00007ffa08890000 - 0x00007ffa08898000 	C:\WINDOWS\System32\PSAPI.DLL
0x00007ff9f5ac0000 - 0x00007ff9f5ac9000 	C:\WINDOWS\SYSTEM32\WSOCK32.dll
0x00007ffa06d20000 - 0x00007ffa06d8c000 	C:\WINDOWS\System32\WS2_32.dll
0x00007ffa02750000 - 0x00007ffa02773000 	C:\WINDOWS\SYSTEM32\WINMM.dll
0x00007ff9f5170000 - 0x00007ff9f517a000 	C:\WINDOWS\SYSTEM32\VERSION.dll
0x00007ffa022f0000 - 0x00007ffa0231a000 	C:\WINDOWS\SYSTEM32\WINMMBASE.dll
0x00007ffa05e30000 - 0x00007ffa05e79000 	C:\WINDOWS\System32\cfgmgr32.dll
0x0000000070a30000 - 0x0000000070a3f000 	C:\Program Files\Java\jdk1.8.0_66\jre\bin\verify.dll
0x0000000070a00000 - 0x0000000070a29000 	C:\Program Files\Java\jdk1.8.0_66\jre\bin\java.dll
0x00000000709e0000 - 0x00000000709f6000 	C:\Program Files\Java\jdk1.8.0_66\jre\bin\zip.dll
0x00007ffa07450000 - 0x00007ffa0888f000 	C:\WINDOWS\System32\SHELL32.dll
0x00007ffa09070000 - 0x00007ffa09119000 	C:\WINDOWS\System32\shcore.dll
0x00007ffa064e0000 - 0x00007ffa06bed000 	C:\WINDOWS\System32\windows.storage.dll
0x00007ffa073c0000 - 0x00007ffa07411000 	C:\WINDOWS\System32\shlwapi.dll
0x00007ffa05b70000 - 0x00007ffa05b81000 	C:\WINDOWS\System32\kernel.appcore.dll
0x00007ffa05ae0000 - 0x00007ffa05aff000 	C:\WINDOWS\System32\profapi.dll
0x00007ffa05b00000 - 0x00007ffa05b4c000 	C:\WINDOWS\System32\powrprof.dll
0x00007ffa05ad0000 - 0x00007ffa05ada000 	C:\WINDOWS\System32\FLTLIB.DLL
0x00000000709c0000 - 0x00000000709da000 	C:\Program Files\Java\jdk1.8.0_66\jre\bin\net.dll
0x00007ffa05350000 - 0x00007ffa053b6000 	C:\WINDOWS\system32\mswsock.dll
0x00000000709a0000 - 0x00000000709b1000 	C:\Program Files\Java\jdk1.8.0_66\jre\bin\nio.dll

VM Arguments:
jvm_args: -Dclassworlds.conf=D:\Tools\apache-maven-3.3.9\apache-maven-3.3.9\bin\..\bin\m2.conf -Dmaven.home=D:\Tools\apache-maven-3.3.9\apache-maven-3.3.9\bin\.. -Dmaven.multiModuleProjectDirectory=D:\Kondal Thummeti\Eclipse Workspace\Flexib_Automation\WebContent\MavenwithCucumber 
java_command: org.codehaus.plexus.classworlds.launcher.Launcher test
java_class_path (initial): D:\Tools\apache-maven-3.3.9\apache-maven-3.3.9\bin\..\boot\plexus-classworlds-2.5.2.jar
Launcher Type: SUN_STANDARD

Environment Variables:
JAVA_HOME=C:\Program Files\Java\jdk1.8.0_66
JRE_HOME=C:\Program Files\Java\jre1.8.0_121
PATH=C:/Program Files/Java/jre1.8.0_121/bin/server;C:/Program Files/Java/jre1.8.0_121/bin;C:/Program Files/Java/jre1.8.0_121/lib/amd64;D:\Python37-32\Scripts\;D:\Python37-32\;C:\ProgramData\Oracle\Java\javapath;C:\Program Files\Java\jdk1.8.0_66\bin;C:\WINDOWS\system32;C:\WINDOWS;C:\WINDOWS\System32\Wbem;C:\WINDOWS\System32\WindowsPowerShell\v1.0\;C:\WINDOWS\System32\OpenSSH\;D:\Python27;D:\Python27\Scripts;C:\Program Files (x86)\MySQL\MySQL Server 5.6\bin;C:\Program Files\dotnet\;D:\VisualRegressionTesting\NodejsInstallation\;C:\Users\1000138\AppData\Local\Android\Sdk\platform-tools;C:\Users\1000138\AppData\Local\Android\Sdk\tools;D:\GIT\Git\cmd;D:\GIT\Git\bin;D:\Tools\BuildsBoard\Main.class;D:\Tools\apache-maven-3.3.9\apache-maven-3.3.9\bin\bin;D:\Python3.7.3;D:\Python3.7.3\Scripts;D:\Python3.7.3\Scripts\pip;D:\ELK\logstash-7.4.1\bin;D:\Python3.7.3\Scripts\;D:\Python3.7.3\;C:\Users\1000138\AppData\Local\Microsoft\WindowsApps;C:\Users\1000138\.dotnet\tools;C:\Users\1000138\AppData\Roaming\npm;;D:\eclipse-jee-mars-2-win32-x86_64\eclipse;
USERNAME=1000138
OS=Windows_NT
PROCESSOR_IDENTIFIER=Intel64 Family 6 Model 61 Stepping 4, GenuineIntel



---------------  S Y S T E M  ---------------

OS: Windows 10.0 , 64 bit Build 17134 (10.0.17134.1)

CPU:total 4 (2 cores per cpu, 2 threads per core) family 6 model 61 stepping 4, cmov, cx8, fxsr, mmx, sse, sse2, sse3, ssse3, sse4.1, sse4.2, popcnt, avx, avx2, aes, clmul, erms, rtm, 3dnowpref, lzcnt, ht, tsc, tscinvbit, bmi1, bmi2, adx

Memory: 4k page, physical 16648580k(5664060k free), swap 20949084k(5160k free)

vm_info: Java HotSpot(TM) 64-Bit Server VM (25.66-b18) for windows-amd64 JRE (1.8.0_66-b18), built on Nov  9 2015 10:51:13 by "java_re" with MS VC++ 10.0 (VS2010)

time: Mon Mar 09 12:50:52 2020
elapsed time: 3 seconds (0d 0h 0m 3s)

